<?xml version="1.0" encoding="UTF-8"?>
<testsuite name="g144.krylova.SortedSetTest" tests="2" skipped="0" failures="0" errors="0" timestamp="2019-05-10T14:10:08" hostname="evgkrylova" time="0.006">
  <properties/>
  <testcase name="addDuplicateListTest()" classname="g144.krylova.SortedSetTest" time="0.003"/>
  <testcase name="addListTest()" classname="g144.krylova.SortedSetTest" time="0.001"/>
  <system-out><![CDATA[]]></system-out>
  <system-err><![CDATA[]]></system-err>
</testsuite>
